Arguments: 
  /home/bert/.nvm/versions/node/v18.15.0/bin/node /mnt/c/Users/Bert/scoop/apps/yarn/1.22.5/Yarn/bin/yarn.js

PATH: 
  /home/bert/.vscode-server/bin/ee2b180d582a7f601fa6ecfdad8d9fd269ab1884/bin/remote-cli:/home/bert/.nvm/versions/node/v18.15.0/bin:/home/bert/.cargo/bin:/usr/local/sbin:/usr/local/bin:/usr/sbin:/usr/bin:/sbin:/bin:/usr/games:/usr/local/games:/mnt/c/Windows/system32:/mnt/c/Windows:/mnt/c/Windows/System32/Wbem:/mnt/c/Windows/System32/WindowsPowerShell/v1.0/:/mnt/c/Windows/System32/OpenSSH/:/mnt/c/Program Files (x86)/NVIDIA Corporation/PhysX/Common:/mnt/c/Program Files/NVIDIA Corporation/NVIDIA NvDLISR:/mnt/c/ProgramData/chocolatey/bin:/mnt/c/Go/bin:/mnt/c/WINDOWS/system32:/mnt/c/WINDOWS:/mnt/c/WINDOWS/System32/Wbem:/mnt/c/WINDOWS/System32/WindowsPowerShell/v1.0/:/mnt/c/WINDOWS/System32/OpenSSH/:/mnt/c/Users/Bert/AppData/Roaming/nvm:/mnt/c/Program Files/nodejs:/mnt/c/Program Files (x86)/Tencent/微信web开发者工具/dll:/mnt/c/Users/Bert/.cargo/bin:/mnt/c/Users/Bert/scoop/apps/python/current/Scripts:/mnt/c/Users/Bert/scoop/apps/python/current:/mnt/c/Users/Bert/scoop/apps/yarn/current/global/node_modules/.bin:/mnt/c/Users/Bert/scoop/apps/yarn/current/Yarn/bin:/mnt/c/MinGW/bin:/mnt/c/Program Files/LLVM/bin:/mnt/c/Windows/system32:/mnt/c/Windows:/mnt/c/Windows/System32/Wbem:/mnt/c/Windows/System32/WindowsPowerShell/v1.0/:/mnt/c/Windows/System32/OpenSSH/:/mnt/c/Program Files (x86)/NVIDIA Corporation/PhysX/Common:/mnt/c/Program Files/NVIDIA Corporation/NVIDIA NvDLISR:/mnt/c/ProgramData/chocolatey/bin:/mnt/c/Go/bin:/mnt/c/Users/Bert/scoop/shims:/mnt/c/Users/Bert/AppData/Roaming/npm:/mnt/c/Users/Bert/AppData/Local/Programs/Microsoft VS Code/bin:/mnt/c/Users/Bert/scoop/apps/git/2.29.2.windows.2/cmd:/mnt/c/Users/Bert/AppData/Local/Microsoft/WindowsApps:/mnt/c/Users/Bert/AppData/Local/Programs/Hyper/resources/bin:/mnt/c/Users/Bert/AppData/Roaming/nvm:/mnt/c/Program Files/nodejs

Yarn version: 
  1.22.5

Node version: 
  18.15.0

Platform: 
  linux x64

Trace: 
  Error: ENOENT: no such file or directory, copyfile '/home/bert/.cache/yarn/v6/npm-pify-4.0.1-4b2cd25c50d598735c50292224fd8c6df41e3231-integrity/node_modules/pify/package.json' -> '/home/bert/workspace/react-lineage-dag/node_modules/less/node_modules/pify/package.json'

npm manifest: 
  {
    "name": "react-lineage-dag",
    "version": "2.0.33",
    "description": "表格/字段血缘React组件",
    "main": "dist/index.js",
    "pack": "pack/index.js",
    "scripts": {
      "test": "echo \"Error: no test specified\" && exit 1",
      "build": "rollup -c && cp -r ./src/static ./dist && cp -r ./src/static ./pack && tsc -d --emitDeclarationOnly --target esnext --removeComments false --allowJs false --declarationDir ./dist",
      "dev": "rollup -w -c"
    },
    "repository": {
      "type": "git",
      "url": "git@gitlab.alibaba-inc.com:DataQ-FE-Components/butterfly-data-mapping.git"
    },
    "keywords": [
      "butterfly",
      "lineage-dag",
      "table-lineage-dag",
      "field-lineage-dag"
    ],
    "author": "无惟",
    "license": "MIT",
    "dependencies": {
      "butterfly-dag": "^4.2.0"
    },
    "peerDependencies": {
      "react": ">15.6.1",
      "react-dom": ">15.6.1",
      "lodash": "^4.17.20",
      "jquery": ">3.5.1",
      "butterfly-dag": ">=4.0.0"
    },
    "devDependencies": {
      "@babel/core": "~7.12.0",
      "@babel/plugin-proposal-class-properties": "~7.12.1",
      "@babel/plugin-proposal-object-rest-spread": "~7.12.0",
      "@babel/plugin-transform-modules-commonjs": "^7.12.1",
      "@babel/plugin-transform-runtime": "^7.12.1",
      "@babel/preset-env": "~7.12.0",
      "@babel/preset-react": "~7.12.1",
      "@babel/preset-typescript": "~7.12.7",
      "@types/lodash": "~4.14.167",
      "@types/react": "~17.0.0",
      "@types/react-dom": "^17.0.0",
      "babel-loader": "~8.2.0",
      "babel-plugin-transform-es2015-modules-commonjs": "~6.26.2",
      "less": "~3.12.2",
      "postcss": "~8.4.12",
      "rollup": "~2.38.0",
      "rollup-plugin-babel": "~4.4.0",
      "rollup-plugin-commonjs": "~10.1.0",
      "rollup-plugin-extensions": "~0.1.0",
      "rollup-plugin-json": "~4.0.0",
      "rollup-plugin-peer-deps-external": "~2.2.4",
      "rollup-plugin-postcss": "~4.0.0",
      "rollup-plugin-typescript2": "~0.29.0",
      "rollup-plugin-url": "~3.0.1",
      "typescript": "~4.1.3"
    }
  }

yarn manifest: 
  No manifest

Lockfile: 
  No lockfile
